<?xml version="1.0" encoding="UTF-8"?>
<!-- Generated by org.testng.reporters.JUnitReportReporter -->
<testsuite hostname="ELF34-SartajAzeez" failures="0" tests="10" name="advanceSelenium.ThreadpoolAndInvocationCount" time="223.838" errors="0" timestamp="2022-06-10T13:27:29 IST" skipped="0">
  <testcase classname="advanceSelenium.ThreadpoolAndInvocationCount" name="LoginTestCase" time="46.097"/>
  <system-out/>
  <testcase classname="advanceSelenium.ThreadpoolAndInvocationCount" name="LoginTestCase" time="12.915"/>
  <system-out/>
  <testcase classname="advanceSelenium.ThreadpoolAndInvocationCount" name="LoginTestCase" time="13.345"/>
  <system-out/>
  <testcase classname="advanceSelenium.ThreadpoolAndInvocationCount" name="LoginTestCase" time="46.286"/>
  <system-out/>
  <testcase classname="advanceSelenium.ThreadpoolAndInvocationCount" name="LoginTestCase" time="11.339"/>
  <system-out/>
  <testcase classname="advanceSelenium.ThreadpoolAndInvocationCount" name="LoginTestCase" time="11.788"/>
  <system-out/>
  <testcase classname="advanceSelenium.ThreadpoolAndInvocationCount" name="LoginTestCase" time="17.668"/>
  <system-out/>
  <testcase classname="advanceSelenium.ThreadpoolAndInvocationCount" name="LoginTestCase" time="22.992"/>
  <system-out/>
  <testcase classname="advanceSelenium.ThreadpoolAndInvocationCount" name="LoginTestCase" time="24.142"/>
  <system-out/>
  <testcase classname="advanceSelenium.ThreadpoolAndInvocationCount" name="LoginTestCase" time="17.266"/>
  <system-out/>
</testsuite> <!-- advanceSelenium.ThreadpoolAndInvocationCount -->
