<?xml version="1.0" encoding="UTF-8"?>
<!-- Generated by org.testng.reporters.JUnitReportReporter -->
<testsuite hostname="ELF34-SartajAzeez" failures="0" tests="3" name="advanceSelenium.DemoLoginTestCase" time="376.777" errors="0" timestamp="2022-06-09T21:54:12 IST" skipped="0">
  <testcase classname="advanceSelenium.DemoLoginTestCase" name="testcaCase" time="127.617"/>
  <system-out/>
  <testcase classname="advanceSelenium.DemoLoginTestCase" name="testcaCase" time="124.580"/>
  <system-out/>
  <testcase classname="advanceSelenium.DemoLoginTestCase" name="testcaCase" time="124.580"/>
  <system-out/>
</testsuite> <!-- advanceSelenium.DemoLoginTestCase -->
