<?xml version="1.0" encoding="UTF-8"?>
<!-- Generated by org.testng.reporters.JUnitReportReporter -->
<testsuite hostname="ELF34-SartajAzeez" failures="0" tests="3" name="advanceSelenium.TestData1" time="0.011" errors="0" timestamp="2022-06-09T11:26:48 IST" skipped="0">
  <testcase classname="advanceSelenium.TestData1" name="LoginTestCase" time="0.002"/>
  <system-out/>
  <testcase classname="advanceSelenium.TestData1" name="LoginTestCase" time="0.003"/>
  <system-out/>
  <testcase classname="advanceSelenium.TestData1" name="LoginTestCase" time="0.006"/>
  <system-out/>
</testsuite> <!-- advanceSelenium.TestData1 -->
