<?xml version="1.0" encoding="UTF-8"?>
<!-- Generated by org.testng.reporters.JUnitReportReporter -->
<testsuite hostname="ELF34-SartajAzeez" failures="0" tests="1" name="advanceSelenium.ChromeTestCase" time="2.421" errors="0" timestamp="2022-06-10T15:29:36 IST" skipped="0">
  <testcase classname="advanceSelenium.ChromeTestCase" name="TC" time="2.421"/>
  <system-out/>
</testsuite> <!-- advanceSelenium.ChromeTestCase -->
