<?xml version="1.0" encoding="UTF-8"?>
<!-- Generated by org.testng.reporters.JUnitReportReporter -->
<testsuite hostname="ELF34-SartajAzeez" failures="0" tests="1" name="advanceSelenium.TestNGDemoWebShop" time="32.932" errors="0" timestamp="2022-06-06T17:17:37 IST" skipped="0">
  <testcase classname="advanceSelenium.TestNGDemoWebShop" name="Login_testcase" time="32.932"/>
  <system-out/>
</testsuite> <!-- advanceSelenium.TestNGDemoWebShop -->
