<?xml version="1.0" encoding="UTF-8"?>
<!-- Generated by org.testng.reporters.JUnitReportReporter -->
<testsuite hostname="ELF34-SartajAzeez" failures="0" tests="2" name="advanceSelenium.TestNGsample" time="0.011" errors="0" timestamp="2022-06-06T16:58:29 IST" skipped="0">
  <testcase classname="advanceSelenium.TestNGsample" name="Demo" time="0.009"/>
  <system-out/>
  <testcase classname="advanceSelenium.TestNGsample" name="sample" time="0.002"/>
  <system-out/>
</testsuite> <!-- advanceSelenium.TestNGsample -->
