<?xml version="1.0" encoding="UTF-8"?>
<!-- Generated by org.testng.reporters.JUnitReportReporter -->
<testsuite hostname="ELF34-SartajAzeez" failures="0" tests="7" name="advanceSelenium.TestData2" time="0.032" errors="0" timestamp="2022-06-09T16:06:03 IST" skipped="0">
  <testcase classname="advanceSelenium.TestData2" name="LoginTestCase" time="0.001"/>
  <system-out/>
  <testcase classname="advanceSelenium.TestData2" name="LoginTestCase" time="0.001"/>
  <system-out/>
  <testcase classname="advanceSelenium.TestData2" name="LoginTestCase" time="0.019"/>
  <system-out/>
  <testcase classname="advanceSelenium.TestData2" name="LoginTestCase" time="0.002"/>
  <system-out/>
  <testcase classname="advanceSelenium.TestData2" name="LoginTestCase" time="0.002"/>
  <system-out/>
  <testcase classname="advanceSelenium.TestData2" name="LoginTestCase" time="0.005"/>
  <system-out/>
  <testcase classname="advanceSelenium.TestData2" name="LoginTestCase" time="0.002"/>
  <system-out/>
</testsuite> <!-- advanceSelenium.TestData2 -->
