<?xml version="1.0" encoding="UTF-8"?>
<!-- Generated by org.testng.reporters.JUnitReportReporter -->
<testsuite hostname="ELF34-SartajAzeez" failures="0" tests="4" name="advanceSelenium.SampleclassIncludeExclude" time="0.012" errors="0" timestamp="2022-06-10T12:45:41 IST" skipped="0">
  <testcase classname="advanceSelenium.SampleclassIncludeExclude" name="city" time="0.008"/>
  <system-out/>
  <testcase classname="advanceSelenium.SampleclassIncludeExclude" name="food" time="0.002"/>
  <system-out/>
  <testcase classname="advanceSelenium.SampleclassIncludeExclude" name="subject" time="0.001"/>
  <system-out/>
  <testcase classname="advanceSelenium.SampleclassIncludeExclude" name="movie" time="0.001"/>
  <system-out/>
</testsuite> <!-- advanceSelenium.SampleclassIncludeExclude -->
