<?xml version="1.0" encoding="UTF-8"?>
<!-- Generated by org.testng.reporters.JUnitReportReporter -->
<testsuite hostname="ELF34-SartajAzeez" failures="0" tests="3" name="poMRepositorycreate.LoginTC" time="32.857" errors="0" timestamp="2022-06-14T13:13:45 IST" skipped="0">
  <testcase classname="poMRepositorycreate.LoginTC" name="TC_01" time="6.134"/>
  <system-out>
    <![CDATA[PASS: User is logged in]]>
  </system-out>
  <testcase classname="poMRepositorycreate.LoginTC" name="TC_01" time="5.680"/>
  <system-out>
    <![CDATA[PASS: User is logged in]]>
  </system-out>
  <testcase classname="poMRepositorycreate.LoginTC" name="TC_01" time="21.043"/>
  <system-out>
    <![CDATA[PASS: User is logged in]]>
  </system-out>
</testsuite> <!-- poMRepositorycreate.LoginTC -->
