<?xml version="1.0" encoding="UTF-8"?>
<!-- Generated by org.testng.reporters.JUnitReportReporter -->
<testsuite hostname="ELF34-SartajAzeez" failures="0" tests="1" name="advanceSelenium.FireFoxTestCase" time="11.502" errors="0" timestamp="2022-06-10T15:29:36 IST" skipped="0">
  <testcase classname="advanceSelenium.FireFoxTestCase" name="Tc" time="11.502"/>
  <system-out/>
</testsuite> <!-- advanceSelenium.FireFoxTestCase -->
